  SFML_DRAWING.cpp
c:\users\asus\source\repos\graphsfml\matrix_app.h(35): warning C4267: инициализация: преобразование из "size_t" в "int"; возможна потеря данных
c:\users\asus\source\repos\graphsfml\matrix_app.h(102): warning C4267: инициализация: преобразование из "size_t" в "int"; возможна потеря данных
c:\users\asus\source\repos\graphsfml\matrix_app.h(117): warning C4244: аргумент: преобразование "int" в "T", возможна потеря данных
          with
          [
              T=float
          ]
c:\users\asus\source\repos\graphsfml\matrix_app.h(140): warning C4244: аргумент: преобразование "int" в "T", возможна потеря данных
          with
          [
              T=float
          ]
c:\users\asus\source\repos\graphsfml\matrix_app.h(181): warning C4244: аргумент: преобразование "T" в "T", возможна потеря данных
          with
          [
              T=unsigned int
          ]
          and
          [
              T=float
          ]
c:\users\asus\source\repos\graphsfml\matrix_app.h(182): warning C4244: аргумент: преобразование "int" в "T", возможна потеря данных
          with
          [
              T=float
          ]
c:\users\asus\source\repos\graphsfml\matrix_app.h(233): warning C4244: аргумент: преобразование "int" в "T", возможна потеря данных
          with
          [
              T=float
          ]
c:\users\asus\source\repos\graphsfml\matrix_app.h(236): warning C4244: аргумент: преобразование "int" в "T", возможна потеря данных
          with
          [
              T=float
          ]
c:\users\asus\source\repos\graphsfml\matrix_app.h(244): warning C4244: аргумент: преобразование "int" в "T", возможна потеря данных
          with
          [
              T=float
          ]
c:\users\asus\source\repos\graphsfml\matrix_app.h(247): warning C4244: аргумент: преобразование "int" в "T", возможна потеря данных
          with
          [
              T=float
          ]
c:\users\asus\source\repos\graphsfml\matrix_app.h(253): warning C4244: аргумент: преобразование "int" в "T", возможна потеря данных
          with
          [
              T=float
          ]
c:\users\asus\source\repos\graphsfml\matrix_app.h(256): warning C4244: аргумент: преобразование "int" в "T", возможна потеря данных
          with
          [
              T=float
          ]
c:\users\asus\source\repos\graphsfml\matrix_app.h(262): warning C4244: аргумент: преобразование "int" в "T", возможна потеря данных
          with
          [
              T=float
          ]
c:\users\asus\source\repos\graphsfml\matrix_app.h(263): warning C4244: аргумент: преобразование "int" в "T", возможна потеря данных
          with
          [
              T=float
          ]
c:\users\asus\source\repos\graphsfml\matrix_app.h(265): warning C4244: аргумент: преобразование "int" в "T", возможна потеря данных
          with
          [
              T=float
          ]
c:\users\asus\source\repos\graphsfml\matrix_app.h(266): warning C4244: аргумент: преобразование "int" в "T", возможна потеря данных
          with
          [
              T=float
          ]
c:\users\asus\source\repos\graphsfml\matrix_app.h(284): warning C4244: аргумент: преобразование "int" в "T", возможна потеря данных
          with
          [
              T=float
          ]
c:\users\asus\source\repos\graphsfml\data_circle.h(127): warning C4244: инициализация: преобразование "T" в "int", возможна потеря данных
          with
          [
              T=float
          ]
c:\users\asus\source\repos\graphsfml\data_circle.h(128): warning C4244: инициализация: преобразование "T" в "int", возможна потеря данных
          with
          [
              T=float
          ]
c:\users\asus\source\repos\graphsfml\data_circle.h(129): warning C4244: аргумент: преобразование "int" в "T", возможна потеря данных
          with
          [
              T=float
          ]
c:\users\asus\source\repos\graphsfml\data_circle.h(139): warning C4267: инициализация: преобразование из "size_t" в "unsigned int"; возможна потеря данных
c:\users\asus\source\repos\graphsfml\voyager_task.h(100): warning C4267: аргумент: преобразование из "size_t" в "const int"; возможна потеря данных
c:\users\asus\source\repos\graphsfml\graph.h(218): warning C4244: аргумент: преобразование "time_t" в "unsigned int", возможна потеря данных
c:\users\asus\source\repos\graphsfml\graph.h(295): warning C4267: аргумент: преобразование из "size_t" в "const int"; возможна потеря данных
c:\users\asus\source\repos\graphsfml\graph.h(353): warning C4244: инициализация: преобразование "sf::Int64" в "float", возможна потеря данных
c:\users\asus\source\repos\graphsfml\graph.h(405): warning C4244: аргумент: преобразование "T" в "T", возможна потеря данных
          with
          [
              T=int
          ]
          and
          [
              T=float
          ]
c:\users\asus\source\repos\graphsfml\graph.h(430): warning C4244: аргумент: преобразование "T" в "T", возможна потеря данных
          with
          [
              T=int
          ]
          and
          [
              T=float
          ]
c:\users\asus\source\repos\graphsfml\graph.h(125): warning C4267: аргумент: преобразование из "size_t" в "const int"; возможна потеря данных
  c:\users\asus\source\repos\graphsfml\graph.h(124): note: при компиляции функции-члена "<Нет данных>" класса класс <Нет данных>
  c:\users\asus\source\repos\graphsfml\graph.h(686): note: выполняется компиляция ссылки на экземпляр шаблон функции "std::pair<std::vector<int,std::allocator<_Ty>>,int> Graph<std::string>::slove_task(const int &)"
          with
          [
              _Ty=int
          ]
  c:\users\asus\source\repos\graphsfml\graph.h(214): note: выполняется компиляция ссылки на экземпляр шаблон класс "Graph<std::string>"
c:\users\asus\source\repos\graphsfml\graph.h(119): warning C4244: аргумент: преобразование "double" в "T", возможна потеря данных
          with
          [
              T=float
          ]
  c:\users\asus\source\repos\graphsfml\graph.h(113): note: при компиляции функции-члена "<Нет данных>" класса класс <Нет данных>
  c:\users\asus\source\repos\graphsfml\graph.h(295): note: выполняется компиляция ссылки на экземпляр шаблон функции "std::vector<sf::Vector2f,std::allocator<_Ty>> Graph<std::string>::getPolyCircleVertPos(const sf::Vector2f &,const int &,const int &)"
          with
          [
              _Ty=sf::Vector2f
          ]
  GraphSFML.vcxproj -> C:\Users\ASUS\source\repos\GraphSFML\x64\Debug\GraphSFML.exe
